Arguments: 
  C:\Program Files\nodejs\node.exe C:\Users\BG-JOANA B\AppData\Roaming\npm\node_modules\yarn\bin\yarn.js add jsonwebtoken

PATH: 
  C:\Users\BG-JOANA B\bin;C:\Program Files\Git\mingw64\bin;C:\Program Files\Git\usr\local\bin;C:\Program Files\Git\usr\bin;C:\Program Files\Git\usr\bin;C:\Program Files\Git\mingw64\bin;C:\Program Files\Git\usr\bin;C:\Users\BG-JOANA B\bin;C:\Python311\Scripts;C:\Python311;C:\Windows\system32;C:\Windows;C:\Windows\System32\Wbem;C:\Windows\System32\WindowsPowerShell\v1.0;C:\Windows\System32\OpenSSH;C:\Program Files\nodejs;C:\ProgramData\chocolatey\bin;C:\Program Files\Git\cmd;C:\Users\BG-JOANA B\AppData\Local\Microsoft\WindowsApps;C:\Users\BG-JOANA B\AppData\Roaming\npm;C:\Users\BG-JOANA B\AppData\Local\Programs\Microsoft VS Code\bin;C:\Program Files\Git\usr\bin\vendor_perl;C:\Program Files\Git\usr\bin\core_perl

Yarn version: 
  1.22.19

Node version: 
  18.13.0

Platform: 
  win32 x64

Trace: 
  Error: EPERM: operation not permitted, unlink 'C:\Users\BG-JOANA B\Desktop\called\atendimento-client-backend\node_modules\bcrypt\lib\binding\napi-v3\bcrypt_lib.node'

npm manifest: 
  {
    "name": "called-cd",
    "version": "1.0.0",
    "description": "",
    "main": "index.js",
    "scripts": {
      "dev": "nodemon -r dotenv/config src/app.ts",
      "build": "tsup src",
      "start": "node src/app.ts",
      "test": "vitest"
    },
    "author": "Patrick Anjos",
    "license": "MIT",
    "devDependencies": {
      "@types/express": "^4.17.15",
      "@types/mssql": "^8.1.1",
      "@types/node": "^18.11.18",
      "@types/nodemailer": "^6.4.7",
      "rimraf": "^3.0.2",
      "ts-node": "^10.9.1",
      "tsup": "^6.5.0",
      "typescript": "^4.9.4",
      "vitest": "^0.27.2"
    },
    "dependencies": {
      "@types/bcrypt": "^5.0.0",
      "@types/cors": "^2.8.13",
      "@types/mongoose": "^5.11.97",
      "@types/socket.io": "^3.0.2",
      "axios": "^1.2.2",
      "bcrypt": "^5.1.0",
      "cors": "^2.8.5",
      "dotenv": "^16.0.3",
      "express": "^4.18.2",
      "mogoose": "^0.0.1-security",
      "mongoose": "^6.9.0",
      "mssql": "^9.0.1",
      "nodemailer": "^6.8.0",
      "nodemon": "^2.0.20",
      "socket.io": "^4.5.4"
    }
  }

yarn manifest: 
  No manifest

Lockfile: 
  No lockfile
